# JRE version: OpenJDK Runtime Environment (11.0.8+10) (build 11.0.8+10-b944.6842174)
# Java VM: OpenJDK 64-Bit Server VM (11.0.8+10-b944.6842174, mixed mode, tiered, compressed oops, g1 gc, windows-amd64)
Heap:
 garbage-first heap   total 1060864K, used 263678K [0x0000000080000000, 0x0000000100000000)
  region size 1024K, 4 young (4096K), 4 survivors (4096K)
 Metaspace       used 127699K, capacity 130943K, committed 131200K, reserved 1163264K
  class space    used 15874K, capacity 17012K, committed 17024K, reserved 1048576K
GC Heap History (20 events):
Event: 384.532 GC heap after
{Heap after GC invocations=70 (full 0):
 garbage-first heap   total 152576K, used 144368K [0x0000000080000000, 0x0000000100000000)
  region size 1024K, 1 young (1024K), 1 survivors (1024K)
 Metaspace       used 120449K, capacity 123527K, committed 123776K, reserved 1157120K
  class space    used 15075K, capacity 16133K, committed 16256K, reserved 1048576K
}
Event: 384.559 GC heap before
{Heap before GC invocations=70 (full 0):
 garbage-first heap   total 152576K, used 150512K [0x0000000080000000, 0x0000000100000000)
  region size 1024K, 7 young (7168K), 1 survivors (1024K)
 Metaspace       used 120450K, capacity 123527K, committed 123776K, reserved 1157120K
  class space    used 15075K, capacity 16133K, committed 16256K, reserved 1048576K
}
Event: 384.564 GC heap after
{Heap after GC invocations=71 (full 0):
 garbage-first heap   total 156672K, used 149360K [0x0000000080000000, 0x0000000100000000)
  region size 1024K, 1 young (1024K), 1 survivors (1024K)
 Metaspace       used 120450K, capacity 123527K, committed 123776K, reserved 1157120K
  class space    used 15075K, capacity 16133K, committed 16256K, reserved 1048576K
}
Event: 384.583 GC heap before
{Heap before GC invocations=71 (full 0):
 garbage-first heap   total 156672K, used 155504K [0x0000000080000000, 0x0000000100000000)
  region size 1024K, 7 young (7168K), 1 survivors (1024K)
 Metaspace       used 120450K, capacity 123527K, committed 123776K, reserved 1157120K
  class space    used 15075K, capacity 16133K, committed 16256K, reserved 1048576K
}
Event: 384.589 GC heap after
{Heap after GC invocations=72 (full 0):
 garbage-first heap   total 194560K, used 154050K [0x0000000080000000, 0x0000000100000000)
  region size 1024K, 1 young (1024K), 1 survivors (1024K)
 Metaspace       used 120450K, capacity 123527K, committed 123776K, reserved 1157120K
  class space    used 15075K, capacity 16133K, committed 16256K, reserved 1048576K
}
Event: 384.626 GC heap before
{Heap before GC invocations=72 (full 0):
 garbage-first heap   total 194560K, used 162242K [0x0000000080000000, 0x0000000100000000)
  region size 1024K, 9 young (9216K), 1 survivors (1024K)
 Metaspace       used 120450K, capacity 123527K, committed 123776K, reserved 1157120K
  class space    used 15075K, capacity 16133K, committed 16256K, reserved 1048576K
}
Event: 384.633 GC heap after
{Heap after GC invocations=73 (full 0):
 garbage-first heap   total 194560K, used 160073K [0x0000000080000000, 0x0000000100000000)
  region size 1024K, 2 young (2048K), 2 survivors (2048K)
 Metaspace       used 120450K, capacity 123527K, committed 123776K, reserved 1157120K
  class space    used 15075K, capacity 16133K, committed 16256K, reserved 1048576K
}
Event: 384.761 GC heap before
{Heap before GC invocations=73 (full 0):
 garbage-first heap   total 194560K, used 166217K [0x0000000080000000, 0x0000000100000000)
  region size 1024K, 9 young (9216K), 2 survivors (2048K)
 Metaspace       used 121112K, capacity 124185K, committed 124288K, reserved 1157120K
  class space    used 15150K, capacity 16202K, committed 16256K, reserved 1048576K
}
Event: 384.767 GC heap after
{Heap after GC invocations=74 (full 0):
 garbage-first heap   total 194560K, used 163270K [0x0000000080000000, 0x0000000100000000)
  region size 1024K, 2 young (2048K), 2 survivors (2048K)
 Metaspace       used 121112K, capacity 124185K, committed 124288K, reserved 1157120K
  class space    used 15150K, capacity 16202K, committed 16256K, reserved 1048576K
}
Event: 384.909 GC heap before
{Heap before GC invocations=75 (full 0):
 garbage-first heap   total 194560K, used 170438K [0x0000000080000000, 0x0000000100000000)
  region size 1024K, 9 young (9216K), 2 survivors (2048K)
 Metaspace       used 122217K, capacity 125279K, committed 125568K, reserved 1159168K
  class space    used 15345K, capacity 16395K, committed 16512K, reserved 1048576K
}
Event: 384.932 GC heap after
{Heap after GC invocations=76 (full 0):
 garbage-first heap   total 194560K, used 164202K [0x0000000080000000, 0x0000000100000000)
  region size 1024K, 1 young (1024K), 1 survivors (1024K)
 Metaspace       used 122217K, capacity 125279K, committed 125568K, reserved 1159168K
  class space    used 15345K, capacity 16395K, committed 16512K, reserved 1048576K
}
Event: 385.101 GC heap before
{Heap before GC invocations=76 (full 0):
 garbage-first heap   total 194560K, used 172394K [0x0000000080000000, 0x0000000100000000)
  region size 1024K, 9 young (9216K), 1 survivors (1024K)
 Metaspace       used 124065K, capacity 127095K, committed 127232K, reserved 1159168K
  class space    used 15536K, capacity 16593K, committed 16640K, reserved 1048576K
}
Event: 385.183 GC heap after
{Heap after GC invocations=77 (full 0):
 garbage-first heap   total 368640K, used 163857K [0x0000000080000000, 0x0000000100000000)
  region size 1024K, 1 young (1024K), 1 survivors (1024K)
 Metaspace       used 124065K, capacity 127095K, committed 127232K, reserved 1159168K
  class space    used 15536K, capacity 16593K, committed 16640K, reserved 1048576K
}
Event: 386.004 GC heap before
{Heap before GC invocations=77 (full 0):
 garbage-first heap   total 368640K, used 213009K [0x0000000080000000, 0x0000000100000000)
  region size 1024K, 49 young (50176K), 1 survivors (1024K)
 Metaspace       used 126084K, capacity 129290K, committed 129536K, reserved 1161216K
  class space    used 15726K, capacity 16832K, committed 16896K, reserved 1048576K
}
Event: 386.027 GC heap after
{Heap after GC invocations=78 (full 0):
 garbage-first heap   total 368640K, used 193814K [0x0000000080000000, 0x0000000100000000)
  region size 1024K, 7 young (7168K), 7 survivors (7168K)
 Metaspace       used 126084K, capacity 129290K, committed 129536K, reserved 1161216K
  class space    used 15726K, capacity 16832K, committed 16896K, reserved 1048576K
}
Event: 386.357 GC heap before
{Heap before GC invocations=78 (full 0):
 garbage-first heap   total 368640K, used 240918K [0x0000000080000000, 0x0000000100000000)
  region size 1024K, 53 young (54272K), 7 survivors (7168K)
 Metaspace       used 126175K, capacity 129362K, committed 129536K, reserved 1161216K
  class space    used 15726K, capacity 16832K, committed 16896K, reserved 1048576K
}
Event: 386.389 GC heap after
{Heap after GC invocations=79 (full 0):
 garbage-first heap   total 368640K, used 231801K [0x0000000080000000, 0x0000000100000000)
  region size 1024K, 7 young (7168K), 7 survivors (7168K)
 Metaspace       used 126175K, capacity 129362K, committed 129536K, reserved 1161216K
  class space    used 15726K, capacity 16832K, committed 16896K, reserved 1048576K
}
Event: 386.521 GC heap before
{Heap before GC invocations=79 (full 0):
 garbage-first heap   total 368640K, used 264569K [0x0000000080000000, 0x0000000100000000)
  region size 1024K, 39 young (39936K), 7 survivors (7168K)
 Metaspace       used 126175K, capacity 129362K, committed 129536K, reserved 1161216K
  class space    used 15726K, capacity 16832K, committed 16896K, reserved 1048576K
}
Event: 386.548 GC heap after
{Heap after GC invocations=80 (full 0):
 garbage-first heap   total 368640K, used 258048K [0x0000000080000000, 0x0000000100000000)
  region size 1024K, 5 young (5120K), 5 survivors (5120K)
 Metaspace       used 126175K, capacity 129362K, committed 129536K, reserved 1161216K
  class space    used 15726K, capacity 16832K, committed 16896K, reserved 1048576K
}
Event: 387.293 GC heap before
{Heap before GC invocations=80 (full 0):
 garbage-first heap   total 368640K, used 282624K [0x0000000080000000, 0x0000000100000000)
  region size 1024K, 29 young (29696K), 5 survivors (5120K)
 Metaspace       used 127699K, capacity 130943K, committed 131200K, reserved 1163264K
  class space    used 15874K, capacity 17012K, committed 17024K, reserved 1048576K
}

